<?xml version="1.0" encoding="UTF-8"?>
<!-- Generated by org.testng.reporters.JUnitReportReporter -->
<testsuite skipped="0" hostname="DESKTOP-BC2D84H" name="org.test.Assert" tests="3" failures="0" timestamp="07 May 2022 04:01:07 GMT" time="0.071" errors="0">
  <testcase name="tc1" time="0.061" classname="org.test.Assert"/>
  <testcase name="tc3" time="0.004" classname="org.test.Assert"/>
  <testcase name="tc2" time="0.006" classname="org.test.Assert"/>
</testsuite> <!-- org.test.Assert -->
