<?xml version="1.0" encoding="UTF-8"?>
<!-- Generated by org.testng.reporters.JUnitReportReporter -->
<testsuite skipped="0" hostname="DESKTOP-BC2D84H" name="org.test.test2" tests="3" failures="0" timestamp="07 May 2022 15:40:02 GMT" time="0.166" errors="0">
  <testcase name="tc6" time="0.013" classname="org.test.test2"/>
  <testcase name="tc4" time="0.139" classname="org.test.test2"/>
  <testcase name="tc5" time="0.014" classname="org.test.test2"/>
</testsuite> <!-- org.test.test2 -->
