<?xml version="1.0" encoding="UTF-8"?>
<!-- Generated by org.testng.reporters.JUnitReportReporter -->
<testsuite skipped="0" hostname="DESKTOP-BC2D84H" name="org.test.Sample" tests="1" failures="0" timestamp="06 May 2022 02:48:30 GMT" time="0.136" errors="0">
  <testcase name="tc1" time="0.136" classname="org.test.Sample"/>
</testsuite> <!-- org.test.Sample -->
