<?xml version="1.0" encoding="UTF-8"?>
<!-- Generated by org.testng.reporters.JUnitReportReporter -->
<testsuite skipped="0" hostname="DESKTOP-BC2D84H" name="org.test.test3" tests="3" failures="0" timestamp="07 May 2022 15:42:31 GMT" time="0.119" errors="0">
  <testcase name="tc7" time="0.104" classname="org.test.test3"/>
  <testcase name="tc8" time="0.006" classname="org.test.test3"/>
  <testcase name="tc9" time="0.009" classname="org.test.test3"/>
</testsuite> <!-- org.test.test3 -->
