<?xml version="1.0" encoding="UTF-8"?>
<!-- Generated by org.testng.reporters.JUnitReportReporter -->
<testsuite skipped="0" hostname="DESKTOP-BC2D84H" name="org.test.test1" tests="3" failures="0" timestamp="07 May 2022 15:42:31 GMT" time="0.059" errors="0">
  <testcase name="tc3" time="0.009" classname="org.test.test1"/>
  <testcase name="tc1" time="0.041" classname="org.test.test1"/>
  <testcase name="tc2" time="0.009" classname="org.test.test1"/>
</testsuite> <!-- org.test.test1 -->
